<?xml version="1.0" encoding="UTF-8"?>
<!-- Generated by org.testng.reporters.JUnitReportReporter -->
<testsuite hostname="lapn2223127" failures="0" tests="1" name="com.jenkinstest.testdemo1" time="13.493" errors="0" timestamp="2024-06-21T11:50:47 IST" skipped="0">
  <testcase classname="com.jenkinstest.testdemo1" name="testbrowser" time="13.493"/>
</testsuite> <!-- com.jenkinstest.testdemo1 -->
